; .dorg
0x8000
.const
r_data 10
.const
c_addr 11
.const
KBD_AVAIL 12
.const
KBD_DATA 13
.const
KBD_En 15
.const
KBD_CL 64
.reg
keyStatus
R0
.reg
pixelValue
R1
.reg
keyControl
R2
.reg
columnIndex
R3
.reg
countLoop
R4
.reg
charCurrent
R5
.reg
fontAddress
R6
.reg
tempVal
R7
 19 | 0000: 8020 0950           LDI   R5,' '           ; 0x20
                      start_check:
 21 | 0002: 420c                INs   R0,KBD_AVAIL     ; 0xc
 22 | 0003: 2100                CPIs  R0,0             ; 0x0
 23 | 0004: 3519                BREQ  redraw_char      ; 0x1e
 24 | 0005: 0a21                LDIs  R2,1             ; 0x1
 25 | 0006: 3ff2                OUTs  KBD_En,R2        ; 0xf
 26 | 0007: 427d                INs   R7,KBD_DATA      ; 0xd
 27 | 0008: 8061 2070           CPI   R7,'a'           ; 0x61
 28 | 000a: 3606                BRMI  to_uppercase     ; 0x11
 29 | 000b: 807b 2070           CPI   R7,'z'+1         ; 0x7b
 30 | 000d: 3703                BRCC  to_uppercase     ; 0x11
 31 | 000e: 8020 0f70           SUBI  R7,32            ; 0x20
 32 | 0010: 3d08                JMPs  done_case        ; 0x19
                      to_uppercase:
 34 | 0011: 8041 2070           CPI   R7,'A'           ; 0x41
 35 | 0013: 3605                BRMI  done_case        ; 0x19
 36 | 0014: 805b 2070           CPI   R7,'Z'+1         ; 0x5b
 37 | 0016: 3702                BRCC  done_case        ; 0x19
 38 | 0017: 8020 0b70           ADDI  R7,32            ; 0x20
                      done_case:
 40 | 0019: 0157                MOV   R5,R7
 41 | 001a: 0a23                LDIs  R2,3             ; 0x3
 42 | 001b: 3ff2                OUTs  KBD_En,R2        ; 0xf
 43 | 001c: 0a21                LDIs  R2,1             ; 0x1
 44 | 001d: 3ff2                OUTs  KBD_En,R2        ; 0xf
                      redraw_char:
 46 | 001e: 0175                MOV   R7,R5
 47 | 001f: 8020 0f70           SUBI  R7,' '           ; 0x20
 48 | 0021: 1d78                MULIs R7,8             ; 0x8
 49 | 0022: 8040 0b70           ADDI  R7,font          ; 0x40
 50 | 0024: 0167                MOV   R6,R7
 51 | 0025: 801c 0930           LDI   R3,28            ; 0x1c
 52 | 0027: 0a48                LDIs  R4,8             ; 0x8
 53 | 0028: 801c 0920           LDI   R2,28            ; 0x1c
                      draw_loop:
 55 | 002a: 2130                CPIs  R3,0             ; 0x0
 56 | 002b: 360e                BRMI  skip_draw        ; 0x3a
 57 | 002c: 8040 2030           CPI   R3,KBD_CL        ; 0x40
 58 | 002e: 350b                BREQ  skip_draw        ; 0x3a
 59 | 002f: 2c16                LD    R1,[R6]
 60 | 0030: 0173                MOV   R7,R3
 61 | 0031: 0472                SUB   R7,R2
 62 | 0032: 2570                LSR   R7
                      shift_loop:
 64 | 0033: 2170                CPIs  R7,0             ; 0x0
 65 | 0034: 3503                BREQ  shifted          ; 0x38
 66 | 0035: 2510                LSR   R1
                                ; Macro: DEC R7
 67 | 0036: 1071                  SUBIs R7,1           ; 0x1
 68 | 0037: 38fb                BRNE  shift_loop       ; 0x33
 70 | 0038: 3fa1      shifted:  OUTs  r_data,R1        ; 0xa
 71 | 0039: 3fb3                OUTs  c_addr,R3        ; 0xb
                      skip_draw:
                                ; Macro: INC R6
 73 | 003a: 0c61                  ADDIs R6,1           ; 0x1
                                ; Macro: INC R3
 74 | 003b: 0c31                  ADDIs R3,1           ; 0x1
                                ; Macro: DEC R4
 75 | 003c: 1041                  SUBIs R4,1           ; 0x1
 76 | 003d: 38ec                BRNE  draw_loop        ; 0x2a
 77 | 003e: 3dc3                JMPs  start_check      ; 0x2
 79 | 003f: 0000      text:     .data '\0', 0
 80 | 0040: 0000      font:     .data '\0', 0
    | 0041: 0000                  .data '\0', 0
    | 0042: 0000                  .data '\0', 0
    | 0043: 0000                  .data '\0', 0
    | 0044: 0000                  .data '\0', 0
    | 0045: 0000                  .data '\0', 0
    | 0046: 0000                  .data '\0', 0
    | 0047: 0000                  .data '\0', 0
    | 0048: 0000                  .data '\0', 0
    | 0049: 0000                  .data '\0', 0
    | 004a: 0038                  .data '8', 56
    | 004b: 0dfc                  .data '#3580', 3580
    | 004c: 0dfc                  .data '#3580', 3580
    | 004d: 0038                  .data '8', 56
    | 004e: 0000                  .data '\0', 0
    | 004f: 0000                  .data '\0', 0
    | 0050: 0000                  .data '\0', 0
    | 0051: 000e                  .data '#14', 14
    | 0052: 001e                  .data '#30', 30
    | 0053: 0000                  .data '\0', 0
    | 0054: 0000                  .data '\0', 0
    | 0055: 001e                  .data '#30', 30
    | 0056: 000e                  .data '#14', 14
    | 0057: 0000                  .data '\0', 0
    | 0058: 0220                  .data '#544', 544
    | 0059: 0ff8                  .data '#4088', 4088
    | 005a: 0ff8                  .data '#4088', 4088
    | 005b: 0220                  .data '#544', 544
    | 005c: 0ff8                  .data '#4088', 4088
    | 005d: 0ff8                  .data '#4088', 4088
    | 005e: 0220                  .data '#544', 544
    | 005f: 0000                  .data '\0', 0
    | 0060: 0638                  .data '#1592', 1592
    | 0061: 0c7c                  .data '#3196', 3196
    | 0062: 0844                  .data '#2116', 2116
    | 0063: 3847                  .data '#14407', 14407
    | 0064: 3847                  .data '#14407', 14407
    | 0065: 0fcc                  .data '#4044', 4044
    | 0066: 0798                  .data '#1944', 1944
    | 0067: 0000                  .data '\0', 0
    | 0068: 0c30                  .data '#3120', 3120
    | 0069: 0630                  .data '#1584', 1584
    | 006a: 0300                  .data '#768', 768
    | 006b: 0180                  .data '#384', 384
    | 006c: 00c0                  .data '#192', 192
    | 006d: 0c60                  .data '#3168', 3168
    | 006e: 0c30                  .data '#3120', 3120
    | 006f: 0000                  .data '\0', 0
    | 0070: 0780                  .data '#1920', 1920
    | 0071: 0fd8                  .data '#4056', 4056
    | 0072: 087c                  .data '#2172', 2172
    | 0073: 08e4                  .data '#2276', 2276
    | 0074: 07bc                  .data '#1980', 1980
    | 0075: 0fd8                  .data '#4056', 4056
    | 0076: 0840                  .data '#2112', 2112
    | 0077: 0000                  .data '\0', 0
    | 0078: 0000                  .data '\0', 0
    | 0079: 0010                  .data '#16', 16
    | 007a: 001e                  .data '#30', 30
    | 007b: 000e                  .data '#14', 14
    | 007c: 0000                  .data '\0', 0
    | 007d: 0000                  .data '\0', 0
    | 007e: 0000                  .data '\0', 0
    | 007f: 0000                  .data '\0', 0
    | 0080: 0000                  .data '\0', 0
    | 0081: 0000                  .data '\0', 0
    | 0082: 03f0                  .data '#1008', 1008
    | 0083: 07f8                  .data '#2040', 2040
    | 0084: 0c0c                  .data '#3084', 3084
    | 0085: 0804                  .data '#2052', 2052
    | 0086: 0000                  .data '\0', 0
    | 0087: 0000                  .data '\0', 0
    | 0088: 0000                  .data '\0', 0
    | 0089: 0000                  .data '\0', 0
    | 008a: 0804                  .data '#2052', 2052
    | 008b: 0c0c                  .data '#3084', 3084
    | 008c: 07f8                  .data '#2040', 2040
    | 008d: 03f0                  .data '#1008', 1008
    | 008e: 0000                  .data '\0', 0
    | 008f: 0000                  .data '\0', 0
    | 0090: 0080                  .data '#128', 128
    | 0091: 02a0                  .data '#672', 672
    | 0092: 03e0                  .data '#992', 992
    | 0093: 01c0                  .data '#448', 448
    | 0094: 01c0                  .data '#448', 448
    | 0095: 03e0                  .data '#992', 992
    | 0096: 02a0                  .data '#672', 672
    | 0097: 0080                  .data '#128', 128
    | 0098: 0000                  .data '\0', 0
    | 0099: 0080                  .data '#128', 128
    | 009a: 0080                  .data '#128', 128
    | 009b: 03e0                  .data '#992', 992
    | 009c: 03e0                  .data '#992', 992
    | 009d: 0080                  .data '#128', 128
    | 009e: 0080                  .data '#128', 128
    | 009f: 0000                  .data '\0', 0
    | 00a0: 0000                  .data '\0', 0
    | 00a1: 0000                  .data '\0', 0
    | 00a2: 1000                  .data '#4096', 4096
    | 00a3: 1e00                  .data '#7680', 7680
    | 00a4: 0e00                  .data '#3584', 3584
    | 00a5: 0000                  .data '\0', 0
    | 00a6: 0000                  .data '\0', 0
    | 00a7: 0000                  .data '\0', 0
    | 00a8: 0080                  .data '#128', 128
    | 00a9: 0080                  .data '#128', 128
    | 00aa: 0080                  .data '#128', 128
    | 00ab: 0080                  .data '#128', 128
    | 00ac: 0080                  .data '#128', 128
    | 00ad: 0080                  .data '#128', 128
    | 00ae: 0080                  .data '#128', 128
    | 00af: 0000                  .data '\0', 0
    | 00b0: 0000                  .data '\0', 0
    | 00b1: 0000                  .data '\0', 0
    | 00b2: 0000                  .data '\0', 0
    | 00b3: 0c00                  .data '#3072', 3072
    | 00b4: 0c00                  .data '#3072', 3072
    | 00b5: 0000                  .data '\0', 0
    | 00b6: 0000                  .data '\0', 0
    | 00b7: 0000                  .data '\0', 0
    | 00b8: 0c00                  .data '#3072', 3072
    | 00b9: 0600                  .data '#1536', 1536
    | 00ba: 0300                  .data '#768', 768
    | 00bb: 0180                  .data '#384', 384
    | 00bc: 00c0                  .data '#192', 192
    | 00bd: 0060                  .data '`', 96
    | 00be: 0030                  .data '0', 48
    | 00bf: 0000                  .data '\0', 0
    | 00c0: 03f0                  .data '#1008', 1008
    | 00c1: 07f8                  .data '#2040', 2040
    | 00c2: 0c0c                  .data '#3084', 3084
    | 00c3: 08c4                  .data '#2244', 2244
    | 00c4: 08c4                  .data '#2244', 2244
    | 00c5: 0c0c                  .data '#3084', 3084
    | 00c6: 07f8                  .data '#2040', 2040
    | 00c7: 03f0                  .data '#1008', 1008
    | 00c8: 0000                  .data '\0', 0
    | 00c9: 0810                  .data '#2064', 2064
    | 00ca: 0818                  .data '#2072', 2072
    | 00cb: 0ffc                  .data '#4092', 4092
    | 00cc: 0ffc                  .data '#4092', 4092
    | 00cd: 0800                  .data '#2048', 2048
    | 00ce: 0800                  .data '#2048', 2048
    | 00cf: 0000                  .data '\0', 0
    | 00d0: 0e08                  .data '#3592', 3592
    | 00d1: 0f0c                  .data '#3852', 3852
    | 00d2: 0984                  .data '#2436', 2436
    | 00d3: 08c4                  .data '#2244', 2244
    | 00d4: 0864                  .data '#2148', 2148
    | 00d5: 0c3c                  .data '#3132', 3132
    | 00d6: 0c18                  .data '#3096', 3096
    | 00d7: 0000                  .data '\0', 0
    | 00d8: 0408                  .data '#1032', 1032
    | 00d9: 0c0c                  .data '#3084', 3084
    | 00da: 0844                  .data '#2116', 2116
    | 00db: 0844                  .data '#2116', 2116
    | 00dc: 0844                  .data '#2116', 2116
    | 00dd: 0ffc                  .data '#4092', 4092
    | 00de: 07b8                  .data '#1976', 1976
    | 00df: 0000                  .data '\0', 0
    | 00e0: 00c0                  .data '#192', 192
    | 00e1: 00e0                  .data '#224', 224
    | 00e2: 00b0                  .data '#176', 176
    | 00e3: 0898                  .data '#2200', 2200
    | 00e4: 0ffc                  .data '#4092', 4092
    | 00e5: 0ffc                  .data '#4092', 4092
    | 00e6: 0880                  .data '#2176', 2176
    | 00e7: 0000                  .data '\0', 0
    | 00e8: 047c                  .data '#1148', 1148
    | 00e9: 0c7c                  .data '#3196', 3196
    | 00ea: 0844                  .data '#2116', 2116
    | 00eb: 0844                  .data '#2116', 2116
    | 00ec: 0844                  .data '#2116', 2116
    | 00ed: 0fc4                  .data '#4036', 4036
    | 00ee: 0784                  .data '#1924', 1924
    | 00ef: 0000                  .data '\0', 0
    | 00f0: 07f0                  .data '#2032', 2032
    | 00f1: 0ff8                  .data '#4088', 4088
    | 00f2: 084c                  .data '#2124', 2124
    | 00f3: 0844                  .data '#2116', 2116
    | 00f4: 0844                  .data '#2116', 2116
    | 00f5: 0fc0                  .data '#4032', 4032
    | 00f6: 0780                  .data '#1920', 1920
    | 00f7: 0000                  .data '\0', 0
    | 00f8: 000c                  .data '#12', 12
    | 00f9: 000c                  .data '#12', 12
    | 00fa: 0f04                  .data '#3844', 3844
    | 00fb: 0f84                  .data '#3972', 3972
    | 00fc: 00c4                  .data '#196', 196
    | 00fd: 007c                  .data '|', 124
    | 00fe: 003c                  .data '<', 60
    | 00ff: 0000                  .data '\0', 0
    | 0100: 07b8                  .data '#1976', 1976
    | 0101: 0ffc                  .data '#4092', 4092
    | 0102: 0844                  .data '#2116', 2116
    | 0103: 0844                  .data '#2116', 2116
    | 0104: 0844                  .data '#2116', 2116
    | 0105: 0ffc                  .data '#4092', 4092
    | 0106: 07b8                  .data '#1976', 1976
    | 0107: 0000                  .data '\0', 0
    | 0108: 0038                  .data '8', 56
    | 0109: 087c                  .data '#2172', 2172
    | 010a: 0844                  .data '#2116', 2116
    | 010b: 0844                  .data '#2116', 2116
    | 010c: 0c44                  .data '#3140', 3140
    | 010d: 07fc                  .data '#2044', 2044
    | 010e: 03f8                  .data '#1016', 1016
    | 010f: 0000                  .data '\0', 0
    | 0110: 0000                  .data '\0', 0
    | 0111: 0000                  .data '\0', 0
    | 0112: 0000                  .data '\0', 0
    | 0113: 0630                  .data '#1584', 1584
    | 0114: 0630                  .data '#1584', 1584
    | 0115: 0000                  .data '\0', 0
    | 0116: 0000                  .data '\0', 0
    | 0117: 0000                  .data '\0', 0
    | 0118: 0000                  .data '\0', 0
    | 0119: 0000                  .data '\0', 0
    | 011a: 0800                  .data '#2048', 2048
    | 011b: 0e30                  .data '#3632', 3632
    | 011c: 0630                  .data '#1584', 1584
    | 011d: 0000                  .data '\0', 0
    | 011e: 0000                  .data '\0', 0
    | 011f: 0000                  .data '\0', 0
    | 0120: 0000                  .data '\0', 0
    | 0121: 0080                  .data '#128', 128
    | 0122: 01c0                  .data '#448', 448
    | 0123: 0360                  .data '#864', 864
    | 0124: 0630                  .data '#1584', 1584
    | 0125: 0c18                  .data '#3096', 3096
    | 0126: 0808                  .data '#2056', 2056
    | 0127: 0000                  .data '\0', 0
    | 0128: 0000                  .data '\0', 0
    | 0129: 0120                  .data '#288', 288
    | 012a: 0120                  .data '#288', 288
    | 012b: 0120                  .data '#288', 288
    | 012c: 0120                  .data '#288', 288
    | 012d: 0120                  .data '#288', 288
    | 012e: 0120                  .data '#288', 288
    | 012f: 0000                  .data '\0', 0
    | 0130: 0000                  .data '\0', 0
    | 0131: 0808                  .data '#2056', 2056
    | 0132: 0c18                  .data '#3096', 3096
    | 0133: 0630                  .data '#1584', 1584
    | 0134: 0360                  .data '#864', 864
    | 0135: 01c0                  .data '#448', 448
    | 0136: 0080                  .data '#128', 128
    | 0137: 0000                  .data '\0', 0
    | 0138: 0018                  .data '#24', 24
    | 0139: 001c                  .data '#28', 28
    | 013a: 0004                  .data '#4', 4
    | 013b: 0dc4                  .data '#3524', 3524
    | 013c: 0de4                  .data '#3556', 3556
    | 013d: 003c                  .data '<', 60
    | 013e: 0018                  .data '#24', 24
    | 013f: 0000                  .data '\0', 0
    | 0140: 07f0                  .data '#2032', 2032
    | 0141: 0ff8                  .data '#4088', 4088
    | 0142: 0808                  .data '#2056', 2056
    | 0143: 0bc8                  .data '#3016', 3016
    | 0144: 0bc8                  .data '#3016', 3016
    | 0145: 0bf8                  .data '#3064', 3064
    | 0146: 01f0                  .data '#496', 496
    | 0147: 0000                  .data '\0', 0
    | 0148: 0fe0                  .data '#4064', 4064
    | 0149: 0ff0                  .data '#4080', 4080
    | 014a: 0098                  .data '#152', 152
    | 014b: 008c                  .data '#140', 140
    | 014c: 0098                  .data '#152', 152
    | 014d: 0ff0                  .data '#4080', 4080
    | 014e: 0fe0                  .data '#4064', 4064
    | 014f: 0000                  .data '\0', 0
    | 0150: 0804                  .data '#2052', 2052
    | 0151: 0ffc                  .data '#4092', 4092
    | 0152: 0ffc                  .data '#4092', 4092
    | 0153: 0844                  .data '#2116', 2116
    | 0154: 0844                  .data '#2116', 2116
    | 0155: 0ffc                  .data '#4092', 4092
    | 0156: 07b8                  .data '#1976', 1976
    | 0157: 0000                  .data '\0', 0
    | 0158: 03f0                  .data '#1008', 1008
    | 0159: 07f8                  .data '#2040', 2040
    | 015a: 0c0c                  .data '#3084', 3084
    | 015b: 0804                  .data '#2052', 2052
    | 015c: 0804                  .data '#2052', 2052
    | 015d: 0c0c                  .data '#3084', 3084
    | 015e: 0618                  .data '#1560', 1560
    | 015f: 0000                  .data '\0', 0
    | 0160: 0804                  .data '#2052', 2052
    | 0161: 0ffc                  .data '#4092', 4092
    | 0162: 0ffc                  .data '#4092', 4092
    | 0163: 0804                  .data '#2052', 2052
    | 0164: 0c0c                  .data '#3084', 3084
    | 0165: 07f8                  .data '#2040', 2040
    | 0166: 03f0                  .data '#1008', 1008
    | 0167: 0000                  .data '\0', 0
    | 0168: 0804                  .data '#2052', 2052
    | 0169: 0ffc                  .data '#4092', 4092
    | 016a: 0ffc                  .data '#4092', 4092
    | 016b: 0844                  .data '#2116', 2116
    | 016c: 08e4                  .data '#2276', 2276
    | 016d: 0c0c                  .data '#3084', 3084
    | 016e: 0e1c                  .data '#3612', 3612
    | 016f: 0000                  .data '\0', 0
    | 0170: 0804                  .data '#2052', 2052
    | 0171: 0ffc                  .data '#4092', 4092
    | 0172: 0ffc                  .data '#4092', 4092
    | 0173: 0844                  .data '#2116', 2116
    | 0174: 00e4                  .data '#228', 228
    | 0175: 000c                  .data '#12', 12
    | 0176: 001c                  .data '#28', 28
    | 0177: 0000                  .data '\0', 0
    | 0178: 03f0                  .data '#1008', 1008
    | 0179: 07f8                  .data '#2040', 2040
    | 017a: 0c0c                  .data '#3084', 3084
    | 017b: 0884                  .data '#2180', 2180
    | 017c: 0884                  .data '#2180', 2180
    | 017d: 078c                  .data '#1932', 1932
    | 017e: 0f98                  .data '#3992', 3992
    | 017f: 0000                  .data '\0', 0
    | 0180: 0ffc                  .data '#4092', 4092
    | 0181: 0ffc                  .data '#4092', 4092
    | 0182: 0040                  .data '@', 64
    | 0183: 0040                  .data '@', 64
    | 0184: 0040                  .data '@', 64
    | 0185: 0ffc                  .data '#4092', 4092
    | 0186: 0ffc                  .data '#4092', 4092
    | 0187: 0000                  .data '\0', 0
    | 0188: 0000                  .data '\0', 0
    | 0189: 0000                  .data '\0', 0
    | 018a: 0804                  .data '#2052', 2052
    | 018b: 0ffc                  .data '#4092', 4092
    | 018c: 0ffc                  .data '#4092', 4092
    | 018d: 0804                  .data '#2052', 2052
    | 018e: 0000                  .data '\0', 0
    | 018f: 0000                  .data '\0', 0
    | 0190: 0700                  .data '#1792', 1792
    | 0191: 0f00                  .data '#3840', 3840
    | 0192: 0800                  .data '#2048', 2048
    | 0193: 0804                  .data '#2052', 2052
    | 0194: 0ffc                  .data '#4092', 4092
    | 0195: 07fc                  .data '#2044', 2044
    | 0196: 0004                  .data '#4', 4
    | 0197: 0000                  .data '\0', 0
    | 0198: 0804                  .data '#2052', 2052
    | 0199: 0ffc                  .data '#4092', 4092
    | 019a: 0ffc                  .data '#4092', 4092
    | 019b: 00c0                  .data '#192', 192
    | 019c: 01e0                  .data '#480', 480
    | 019d: 0f3c                  .data '#3900', 3900
    | 019e: 0e1c                  .data '#3612', 3612
    | 019f: 0000                  .data '\0', 0
    | 01a0: 0804                  .data '#2052', 2052
    | 01a1: 0ffc                  .data '#4092', 4092
    | 01a2: 0ffc                  .data '#4092', 4092
    | 01a3: 0804                  .data '#2052', 2052
    | 01a4: 0800                  .data '#2048', 2048
    | 01a5: 0c00                  .data '#3072', 3072
    | 01a6: 0e00                  .data '#3584', 3584
    | 01a7: 0000                  .data '\0', 0
    | 01a8: 0ffc                  .data '#4092', 4092
    | 01a9: 0ffc                  .data '#4092', 4092
    | 01aa: 0038                  .data '8', 56
    | 01ab: 0070                  .data 'p', 112
    | 01ac: 0070                  .data 'p', 112
    | 01ad: 0038                  .data '8', 56
    | 01ae: 0ffc                  .data '#4092', 4092
    | 01af: 0ffc                  .data '#4092', 4092
    | 01b0: 0ffc                  .data '#4092', 4092
    | 01b1: 0ffc                  .data '#4092', 4092
    | 01b2: 0038                  .data '8', 56
    | 01b3: 0070                  .data 'p', 112
    | 01b4: 00e0                  .data '#224', 224
    | 01b5: 0ffc                  .data '#4092', 4092
    | 01b6: 0ffc                  .data '#4092', 4092
    | 01b7: 0000                  .data '\0', 0
    | 01b8: 07f8                  .data '#2040', 2040
    | 01b9: 0ffc                  .data '#4092', 4092
    | 01ba: 0804                  .data '#2052', 2052
    | 01bb: 0804                  .data '#2052', 2052
    | 01bc: 0804                  .data '#2052', 2052
    | 01bd: 0ffc                  .data '#4092', 4092
    | 01be: 07f8                  .data '#2040', 2040
    | 01bf: 0000                  .data '\0', 0
    | 01c0: 0804                  .data '#2052', 2052
    | 01c1: 0ffc                  .data '#4092', 4092
    | 01c2: 0ffc                  .data '#4092', 4092
    | 01c3: 0844                  .data '#2116', 2116
    | 01c4: 0044                  .data 'D', 68
    | 01c5: 007c                  .data '|', 124
    | 01c6: 0038                  .data '8', 56
    | 01c7: 0000                  .data '\0', 0
    | 01c8: 07f8                  .data '#2040', 2040
    | 01c9: 0ffc                  .data '#4092', 4092
    | 01ca: 0804                  .data '#2052', 2052
    | 01cb: 0e04                  .data '#3588', 3588
    | 01cc: 3c04                  .data '#15364', 15364
    | 01cd: 3ffc                  .data '#16380', 16380
    | 01ce: 27f8                  .data '#10232', 10232
    | 01cf: 0000                  .data '\0', 0
    | 01d0: 0804                  .data '#2052', 2052
    | 01d1: 0ffc                  .data '#4092', 4092
    | 01d2: 0ffc                  .data '#4092', 4092
    | 01d3: 0044                  .data 'D', 68
    | 01d4: 00c4                  .data '#196', 196
    | 01d5: 0ffc                  .data '#4092', 4092
    | 01d6: 0f38                  .data '#3896', 3896
    | 01d7: 0000                  .data '\0', 0
    | 01d8: 0618                  .data '#1560', 1560
    | 01d9: 0e3c                  .data '#3644', 3644
    | 01da: 0864                  .data '#2148', 2148
    | 01db: 0844                  .data '#2116', 2116
    | 01dc: 08c4                  .data '#2244', 2244
    | 01dd: 0f9c                  .data '#3996', 3996
    | 01de: 0718                  .data '#1816', 1816
    | 01df: 0000                  .data '\0', 0
    | 01e0: 001c                  .data '#28', 28
    | 01e1: 000c                  .data '#12', 12
    | 01e2: 0804                  .data '#2052', 2052
    | 01e3: 0ffc                  .data '#4092', 4092
    | 01e4: 0ffc                  .data '#4092', 4092
    | 01e5: 0804                  .data '#2052', 2052
    | 01e6: 000c                  .data '#12', 12
    | 01e7: 001c                  .data '#28', 28
    | 01e8: 07fc                  .data '#2044', 2044
    | 01e9: 0ffc                  .data '#4092', 4092
    | 01ea: 0800                  .data '#2048', 2048
    | 01eb: 0800                  .data '#2048', 2048
    | 01ec: 0800                  .data '#2048', 2048
    | 01ed: 0ffc                  .data '#4092', 4092
    | 01ee: 07fc                  .data '#2044', 2044
    | 01ef: 0000                  .data '\0', 0
    | 01f0: 01fc                  .data '#508', 508
    | 01f1: 03fc                  .data '#1020', 1020
    | 01f2: 0600                  .data '#1536', 1536
    | 01f3: 0c00                  .data '#3072', 3072
    | 01f4: 0c00                  .data '#3072', 3072
    | 01f5: 0600                  .data '#1536', 1536
    | 01f6: 03fc                  .data '#1020', 1020
    | 01f7: 01fc                  .data '#508', 508
    | 01f8: 03fc                  .data '#1020', 1020
    | 01f9: 0ffc                  .data '#4092', 4092
    | 01fa: 0e00                  .data '#3584', 3584
    | 01fb: 0380                  .data '#896', 896
    | 01fc: 0380                  .data '#896', 896
    | 01fd: 0e00                  .data '#3584', 3584
    | 01fe: 0ffc                  .data '#4092', 4092
    | 01ff: 03fc                  .data '#1020', 1020
    | 0200: 0c0c                  .data '#3084', 3084
    | 0201: 0e1c                  .data '#3612', 3612
    | 0202: 0330                  .data '#816', 816
    | 0203: 01e0                  .data '#480', 480
    | 0204: 01e0                  .data '#480', 480
    | 0205: 0330                  .data '#816', 816
    | 0206: 0e1c                  .data '#3612', 3612
    | 0207: 0c0c                  .data '#3084', 3084
    | 0208: 001c                  .data '#28', 28
    | 0209: 003c                  .data '<', 60
    | 020a: 0860                  .data '#2144', 2144
    | 020b: 0fc0                  .data '#4032', 4032
    | 020c: 0fc0                  .data '#4032', 4032
    | 020d: 0860                  .data '#2144', 2144
    | 020e: 003c                  .data '<', 60
    | 020f: 001c                  .data '#28', 28
    | 0210: 0e1c                  .data '#3612', 3612
    | 0211: 0f0c                  .data '#3852', 3852
    | 0212: 0984                  .data '#2436', 2436
    | 0213: 08c4                  .data '#2244', 2244
    | 0214: 0864                  .data '#2148', 2148
    | 0215: 0834                  .data '#2100', 2100
    | 0216: 0c1c                  .data '#3100', 3100
    | 0217: 0e0c                  .data '#3596', 3596
    | 0218: 0000                  .data '\0', 0
    | 0219: 0000                  .data '\0', 0
    | 021a: 0ffc                  .data '#4092', 4092
    | 021b: 0ffc                  .data '#4092', 4092
    | 021c: 0804                  .data '#2052', 2052
    | 021d: 0804                  .data '#2052', 2052
    | 021e: 0000                  .data '\0', 0
    | 021f: 0000                  .data '\0', 0
    | 0220: 0038                  .data '8', 56
    | 0221: 0070                  .data 'p', 112
    | 0222: 00e0                  .data '#224', 224
    | 0223: 01c0                  .data '#448', 448
    | 0224: 0380                  .data '#896', 896
    | 0225: 0700                  .data '#1792', 1792
    | 0226: 0e00                  .data '#3584', 3584
    | 0227: 0000                  .data '\0', 0
    | 0228: 0000                  .data '\0', 0
    | 0229: 0000                  .data '\0', 0
    | 022a: 0804                  .data '#2052', 2052
    | 022b: 0804                  .data '#2052', 2052
    | 022c: 0ffc                  .data '#4092', 4092
    | 022d: 0ffc                  .data '#4092', 4092
    | 022e: 0000                  .data '\0', 0
    | 022f: 0000                  .data '\0', 0
    | 0230: 0008                  .data '#8', 8
    | 0231: 000c                  .data '#12', 12
    | 0232: 0006                  .data '#6', 6
    | 0233: 0003                  .data '#3', 3
    | 0234: 0006                  .data '#6', 6
    | 0235: 000c                  .data '#12', 12
    | 0236: 0008                  .data '#8', 8
    | 0237: 0000                  .data '\0', 0
    | 0238: 2000                  .data '#8192', 8192
    | 0239: 2000                  .data '#8192', 8192
    | 023a: 2000                  .data '#8192', 8192
    | 023b: 2000                  .data '#8192', 8192
    | 023c: 2000                  .data '#8192', 8192
    | 023d: 2000                  .data '#8192', 8192
    | 023e: 2000                  .data '#8192', 8192
    | 023f: 2000                  .data '#8192', 8192
    | 0240: 0000                  .data '\0', 0
    | 0241: 0000                  .data '\0', 0
    | 0242: 0003                  .data '#3', 3
    | 0243: 0007                  .data '#7', 7
    | 0244: 0004                  .data '#4', 4
    | 0245: 0000                  .data '\0', 0
    | 0246: 0000                  .data '\0', 0
    | 0247: 0000                  .data '\0', 0
    | 0248: 0700                  .data '#1792', 1792
    | 0249: 0fa0                  .data '#4000', 4000
    | 024a: 08a0                  .data '#2208', 2208
    | 024b: 08a0                  .data '#2208', 2208
    | 024c: 07e0                  .data '#2016', 2016
    | 024d: 0fc0                  .data '#4032', 4032
    | 024e: 0800                  .data '#2048', 2048
    | 024f: 0000                  .data '\0', 0
    | 0250: 0004                  .data '#4', 4
    | 0251: 0ffc                  .data '#4092', 4092
    | 0252: 0ffc                  .data '#4092', 4092
    | 0253: 0820                  .data '#2080', 2080
    | 0254: 0860                  .data '#2144', 2144
    | 0255: 0fc0                  .data '#4032', 4032
    | 0256: 0780                  .data '#1920', 1920
    | 0257: 0000                  .data '\0', 0
    | 0258: 07c0                  .data '#1984', 1984
    | 0259: 0fe0                  .data '#4064', 4064
    | 025a: 0820                  .data '#2080', 2080
    | 025b: 0820                  .data '#2080', 2080
    | 025c: 0820                  .data '#2080', 2080
    | 025d: 0c60                  .data '#3168', 3168
    | 025e: 0440                  .data '#1088', 1088
    | 025f: 0000                  .data '\0', 0
    | 0260: 0780                  .data '#1920', 1920
    | 0261: 0fc0                  .data '#4032', 4032
    | 0262: 0860                  .data '#2144', 2144
    | 0263: 0824                  .data '#2084', 2084
    | 0264: 07fc                  .data '#2044', 2044
    | 0265: 0ffc                  .data '#4092', 4092
    | 0266: 0800                  .data '#2048', 2048
    | 0267: 0000                  .data '\0', 0
    | 0268: 07c0                  .data '#1984', 1984
    | 0269: 0fe0                  .data '#4064', 4064
    | 026a: 08a0                  .data '#2208', 2208
    | 026b: 08a0                  .data '#2208', 2208
    | 026c: 08a0                  .data '#2208', 2208
    | 026d: 0ce0                  .data '#3296', 3296
    | 026e: 04c0                  .data '#1216', 1216
    | 026f: 0000                  .data '\0', 0
    | 0270: 0840                  .data '#2112', 2112
    | 0271: 0ff8                  .data '#4088', 4088
    | 0272: 0ffc                  .data '#4092', 4092
    | 0273: 0844                  .data '#2116', 2116
    | 0274: 000c                  .data '#12', 12
    | 0275: 0018                  .data '#24', 24
    | 0276: 0000                  .data '\0', 0
    | 0277: 0000                  .data '\0', 0
    | 0278: 27c0                  .data '#10176', 10176
    | 0279: 6fe0                  .data '#28640', 28640
    | 027a: 4820                  .data '#18464', 18464
    | 027b: 4820                  .data '#18464', 18464
    | 027c: 7fc0                  .data '#32704', 32704
    | 027d: 3fe0                  .data '#16352', 16352
    | 027e: 0020                  .data ' ', 32
    | 027f: 0000                  .data '\0', 0
    | 0280: 0804                  .data '#2052', 2052
    | 0281: 0ffc                  .data '#4092', 4092
    | 0282: 0ffc                  .data '#4092', 4092
    | 0283: 0040                  .data '@', 64
    | 0284: 0020                  .data ' ', 32
    | 0285: 0fe0                  .data '#4064', 4064
    | 0286: 0fc0                  .data '#4032', 4032
    | 0287: 0000                  .data '\0', 0
    | 0288: 0000                  .data '\0', 0
    | 0289: 0000                  .data '\0', 0
    | 028a: 0820                  .data '#2080', 2080
    | 028b: 0fec                  .data '#4076', 4076
    | 028c: 0fec                  .data '#4076', 4076
    | 028d: 0800                  .data '#2048', 2048
    | 028e: 0000                  .data '\0', 0
    | 028f: 0000                  .data '\0', 0
    | 0290: 0000                  .data '\0', 0
    | 0291: 3000                  .data '#12288', 12288
    | 0292: 7000                  .data '#28672', 28672
    | 0293: 4000                  .data '#16384', 16384
    | 0294: 4020                  .data '#16416', 16416
    | 0295: 7fec                  .data '#32748', 32748
    | 0296: 3fec                  .data '#16364', 16364
    | 0297: 0000                  .data '\0', 0
    | 0298: 0804                  .data '#2052', 2052
    | 0299: 0ffc                  .data '#4092', 4092
    | 029a: 0ffc                  .data '#4092', 4092
    | 029b: 0180                  .data '#384', 384
    | 029c: 03c0                  .data '#960', 960
    | 029d: 0e60                  .data '#3680', 3680
    | 029e: 0c20                  .data '#3104', 3104
    | 029f: 0000                  .data '\0', 0
    | 02a0: 0000                  .data '\0', 0
    | 02a1: 0000                  .data '\0', 0
    | 02a2: 0804                  .data '#2052', 2052
    | 02a3: 0ffc                  .data '#4092', 4092
    | 02a4: 0ffc                  .data '#4092', 4092
    | 02a5: 0800                  .data '#2048', 2048
    | 02a6: 0000                  .data '\0', 0
    | 02a7: 0000                  .data '\0', 0
    | 02a8: 0fe0                  .data '#4064', 4064
    | 02a9: 0fe0                  .data '#4064', 4064
    | 02aa: 0060                  .data '`', 96
    | 02ab: 0fc0                  .data '#4032', 4032
    | 02ac: 0fc0                  .data '#4032', 4032
    | 02ad: 0060                  .data '`', 96
    | 02ae: 0fe0                  .data '#4064', 4064
    | 02af: 0fc0                  .data '#4032', 4032
    | 02b0: 0020                  .data ' ', 32
    | 02b1: 0fe0                  .data '#4064', 4064
    | 02b2: 0fc0                  .data '#4032', 4032
    | 02b3: 0020                  .data ' ', 32
    | 02b4: 0020                  .data ' ', 32
    | 02b5: 0fe0                  .data '#4064', 4064
    | 02b6: 0fc0                  .data '#4032', 4032
    | 02b7: 0000                  .data '\0', 0
    | 02b8: 07c0                  .data '#1984', 1984
    | 02b9: 0fe0                  .data '#4064', 4064
    | 02ba: 0820                  .data '#2080', 2080
    | 02bb: 0820                  .data '#2080', 2080
    | 02bc: 0820                  .data '#2080', 2080
    | 02bd: 0fe0                  .data '#4064', 4064
    | 02be: 07c0                  .data '#1984', 1984
    | 02bf: 0000                  .data '\0', 0
    | 02c0: 4020                  .data '#16416', 16416
    | 02c1: 7fe0                  .data '#32736', 32736
    | 02c2: 7fc0                  .data '#32704', 32704
    | 02c3: 4820                  .data '#18464', 18464
    | 02c4: 0820                  .data '#2080', 2080
    | 02c5: 0fe0                  .data '#4064', 4064
    | 02c6: 07c0                  .data '#1984', 1984
    | 02c7: 0000                  .data '\0', 0
    | 02c8: 07c0                  .data '#1984', 1984
    | 02c9: 0fe0                  .data '#4064', 4064
    | 02ca: 0820                  .data '#2080', 2080
    | 02cb: 4820                  .data '#18464', 18464
    | 02cc: 7fc0                  .data '#32704', 32704
    | 02cd: 7fe0                  .data '#32736', 32736
    | 02ce: 4020                  .data '#16416', 16416
    | 02cf: 0000                  .data '\0', 0
    | 02d0: 0820                  .data '#2080', 2080
    | 02d1: 0fe0                  .data '#4064', 4064
    | 02d2: 0fc0                  .data '#4032', 4032
    | 02d3: 0860                  .data '#2144', 2144
    | 02d4: 0020                  .data ' ', 32
    | 02d5: 00e0                  .data '#224', 224
    | 02d6: 00c0                  .data '#192', 192
    | 02d7: 0000                  .data '\0', 0
    | 02d8: 0440                  .data '#1088', 1088
    | 02d9: 0ce0                  .data '#3296', 3296
    | 02da: 09a0                  .data '#2464', 2464
    | 02db: 0920                  .data '#2336', 2336
    | 02dc: 0b20                  .data '#2848', 2848
    | 02dd: 0e60                  .data '#3680', 3680
    | 02de: 0440                  .data '#1088', 1088
    | 02df: 0000                  .data '\0', 0
    | 02e0: 0020                  .data ' ', 32
    | 02e1: 0020                  .data ' ', 32
    | 02e2: 07f8                  .data '#2040', 2040
    | 02e3: 0ffc                  .data '#4092', 4092
    | 02e4: 0820                  .data '#2080', 2080
    | 02e5: 0c20                  .data '#3104', 3104
    | 02e6: 0400                  .data '#1024', 1024
    | 02e7: 0000                  .data '\0', 0
    | 02e8: 07e0                  .data '#2016', 2016
    | 02e9: 0fe0                  .data '#4064', 4064
    | 02ea: 0800                  .data '#2048', 2048
    | 02eb: 0800                  .data '#2048', 2048
    | 02ec: 07e0                  .data '#2016', 2016
    | 02ed: 0fe0                  .data '#4064', 4064
    | 02ee: 0800                  .data '#2048', 2048
    | 02ef: 0000                  .data '\0', 0
    | 02f0: 01e0                  .data '#480', 480
    | 02f1: 03e0                  .data '#992', 992
    | 02f2: 0600                  .data '#1536', 1536
    | 02f3: 0c00                  .data '#3072', 3072
    | 02f4: 0c00                  .data '#3072', 3072
    | 02f5: 0600                  .data '#1536', 1536
    | 02f6: 03e0                  .data '#992', 992
    | 02f7: 01e0                  .data '#480', 480
    | 02f8: 07e0                  .data '#2016', 2016
    | 02f9: 0fe0                  .data '#4064', 4064
    | 02fa: 0c00                  .data '#3072', 3072
    | 02fb: 0700                  .data '#1792', 1792
    | 02fc: 0700                  .data '#1792', 1792
    | 02fd: 0c00                  .data '#3072', 3072
    | 02fe: 0fe0                  .data '#4064', 4064
    | 02ff: 07e0                  .data '#2016', 2016
    | 0300: 0820                  .data '#2080', 2080
    | 0301: 0c60                  .data '#3168', 3168
    | 0302: 06c0                  .data '#1728', 1728
    | 0303: 0380                  .data '#896', 896
    | 0304: 0380                  .data '#896', 896
    | 0305: 06c0                  .data '#1728', 1728
    | 0306: 0c60                  .data '#3168', 3168
    | 0307: 0820                  .data '#2080', 2080
    | 0308: 47e0                  .data '#18400', 18400
    | 0309: 4fe0                  .data '#20448', 20448
    | 030a: 4800                  .data '#18432', 18432
    | 030b: 4800                  .data '#18432', 18432
    | 030c: 6800                  .data '#26624', 26624
    | 030d: 3fe0                  .data '#16352', 16352
    | 030e: 1fe0                  .data '#8160', 8160
    | 030f: 0000                  .data '\0', 0
    | 0310: 0c60                  .data '#3168', 3168
    | 0311: 0e60                  .data '#3680', 3680
    | 0312: 0b20                  .data '#2848', 2848
    | 0313: 09a0                  .data '#2464', 2464
    | 0314: 08e0                  .data '#2272', 2272
    | 0315: 0c60                  .data '#3168', 3168
    | 0316: 0c20                  .data '#3104', 3104
    | 0317: 0000                  .data '\0', 0
    | 0318: 0000                  .data '\0', 0
    | 0319: 0040                  .data '@', 64
    | 031a: 0040                  .data '@', 64
    | 031b: 07f8                  .data '#2040', 2040
    | 031c: 0fbc                  .data '#4028', 4028
    | 031d: 0804                  .data '#2052', 2052
    | 031e: 0804                  .data '#2052', 2052
    | 031f: 0000                  .data '\0', 0
    | 0320: 0000                  .data '\0', 0
    | 0321: 0000                  .data '\0', 0
    | 0322: 0000                  .data '\0', 0
    | 0323: 0fbc                  .data '#4028', 4028
    | 0324: 0fbc                  .data '#4028', 4028
    | 0325: 0000                  .data '\0', 0
    | 0326: 0000                  .data '\0', 0
    | 0327: 0000                  .data '\0', 0
    | 0328: 0000                  .data '\0', 0
    | 0329: 0804                  .data '#2052', 2052
    | 032a: 0804                  .data '#2052', 2052
    | 032b: 0fbc                  .data '#4028', 4028
    | 032c: 07f8                  .data '#2040', 2040
    | 032d: 0040                  .data '@', 64
    | 032e: 0040                  .data '@', 64
    | 032f: 0000                  .data '\0', 0
    | 0330: 0008                  .data '#8', 8
    | 0331: 000c                  .data '#12', 12
    | 0332: 0004                  .data '#4', 4
    | 0333: 000c                  .data '#12', 12
    | 0334: 0008                  .data '#8', 8
    | 0335: 000c                  .data '#12', 12
    | 0336: 0004                  .data '#4', 4
    | 0337: 0000                  .data '\0', 0
